Last login: Sat Mar  9 13:22:17 on ttys002
ss
The default interactive shell is now zsh.
To update your account to use zsh, please run `chsh -s /bin/zsh`.
For more details, please visit https://support.apple.com/kb/HT208050.
(base) Isabellas-MBP:Team4 Isabella$ ssh pi@raspberrypi.local
pi@raspberrypi.local's password: 
Linux raspberrypi 6.1.21+ #1642 Mon Apr  3 17:19:14 BST 2023 armv6l

The programs included with the Debian GNU/Linux system are free software;
the exact distribution terms for each program are described in the
individual files in /usr/share/doc/*/copyright.

Debian GNU/Linux comes with ABSOLUTELY NO WARRANTY, to the extent
permitted by applicable law.
Last login: Sat Mar  9 13:22:24 2024 from fe80::1c45:b4a8:1ae5:4872%usb0
(base) pi@raspberrypi:~ $ python step_count_client_pi.py 
Current Time = 13:33:56
step count client starting
Connection returned result: 0
Received message: "192.168.1.199" on topic "/ece180d/team4/setup" with QoS 1
Current Time = 13:34:02
starting step counter
Current Time = 13:34:03
connected to server

0:00:00.007598
0:00:00.319180
0:00:00.792380
0:00:00.850694
0:00:00.814343
0:00:00.810025
0:00:00.918599
0:00:00.729109
0:00:00.855839
0:00:00.764338
0:00:00.878350
0:00:00.831748
0:00:00.726386
0:00:00.851245
0:00:00.803638
0:00:00.897085
0:00:00.770101
0:00:00.857135
0:00:00.721338
0:00:00.920056
0:00:00.799775
0:00:00.784137
0:00:00.792182
0:00:00.797399
0:00:00.916527
0:00:00.737252
0:00:00.838390
0:00:00.877774
0:00:00.703302
0:00:00.886024
0:00:00.780532
0:00:00.938528
0:00:00.718930
0:00:00.850862
0:00:00.916260
0:00:00.793762
0:00:00.747440
0:00:00.832706
0:00:00.895793
0:00:00.732750
0:00:00.846840
0:00:00.811765
0:00:00.789628
0:00:00.879921
0:00:00.788430
0:00:00.946183
0:00:00.698288
0:00:01.041282
0:00:00.703719
0:00:00.763980
0:00:00.796763
0:00:00.827156
0:00:00.917199
0:00:00.759208
0:00:00.831471
0:00:00.829605
0:00:00.843107
0:00:00.804440
0:00:00.838507
0:00:00.882595
0:00:00.747735
0:00:00.820694
0:00:00.870499
0:00:00.809616
0:00:00.743469
0:00:00.807553
0:00:00.950342
0:00:00.687663
0:00:00.946443
0:00:00.687553
0:00:00.857295
0:00:00.845552
0:00:00.732551
0:00:00.849151
0:00:00.787391
0:00:00.916414
0:00:00.753185
0:00:00.874504
0:00:00.730837
0:00:00.837812
0:00:00.870810
0:00:00.742620
0:00:01.008582
0:00:00.645202
0:00:00.922432
0:00:00.749829
0:00:00.854782
0:00:00.734057
0:00:00.865599
0:00:00.849806
0:00:00.774862
0:00:00.760668
0:00:00.792415
0:00:00.924673
0:00:00.714294
0:00:00.870125
0:00:00.732969
0:00:00.883007
0:00:01.011307
0:00:00.574839
0:00:00.831923
0:00:00.804934
0:00:00.936383
0:00:00.692139
0:00:00.972801
0:00:00.629943
0:00:00.875890
0:00:00.911977
0:00:00.662887
0:00:00.812925
0:00:00.840332
0:00:00.918362
0:00:00.770852
0:00:00.800754
0:00:00.730630
0:00:00.885144
0:00:01.049323
0:00:00.568007
0:00:00.748483
0:00:00.834304
0:00:01.006926
0:00:00.606708
0:00:00.860842
0:00:00.764495
0:00:00.874815
0:00:00.700114
0:00:00.907875
0:00:00.692207
0:00:00.906653
0:00:00.965265
0:00:00.600567
0:00:00.755613
0:00:00.884708
0:00:00.902006
0:00:00.602271
0:00:00.816279
0:00:00.783541
0:00:00.944238
0:00:00.723293
0:00:00.847988
0:00:00.767587
0:00:00.904629
0:00:00.814219
0:00:00.713268
0:00:00.837112
0:00:00.787466
0:00:01.029717
0:00:00.630019
0:00:00.811160
0:00:00.827936
0:00:00.874145
0:00:00.789943
0:00:00.857284
0:00:00.756105
0:00:00.816925
0:00:00.852473
0:00:00.794719
0:00:00.789367
0:00:00.809668
0:00:00.874392
0:00:00.782530
0:00:00.815710
0:00:00.752307
0:00:01.002343
0:00:01.118109
0:00:00.366189
0:00:00.787563
0:00:00.819619
0:00:00.899877
0:00:00.731721
0:00:00.923504
0:00:00.768146
0:00:00.788238
0:00:00.982707
0:00:00.685901
0:00:00.887945
0:00:00.729912
0:00:00.841191
0:00:00.810716
0:00:00.851112
0:00:00.735801
0:00:00.838580
0:00:00.956089
0:00:00.674795
0:00:00.803223
0:00:00.794858
0:00:00.933273
0:00:00.748876
0:00:00.852067
0:00:00.770170
0:00:00.799114
0:00:00.965363
0:00:00.689883
0:00:00.890438
0:00:00.731560
0:00:00.917720
0:00:00.984753
0:00:00.606628
0:00:00.813410
0:00:00.775261
0:00:00.928393
0:00:00.663346
0:00:00.798523
0:00:00.917777
0:00:00.775131
0:00:00.760841
0:00:00.875728
0:00:00.737448
0:00:00.844725
0:00:00.857299
0:00:00.729215
0:00:00.803098
0:00:00.821908
0:00:00.916607
0:00:00.709713
0:00:00.962694
0:00:00.641977
0:00:00.910959
0:00:00.729737
0:00:00.837145
0:00:00.774896
0:00:00.838285
0:00:00.922457
0:00:00.649934
0:00:00.923641
0:00:00.729089
0:00:00.909060
0:00:00.849335
0:00:00.820008
0:00:00.763925
0:00:00.822230
0:00:00.869585
0:00:00.738685
0:00:00.858867
0:00:00.742769
0:00:00.929000
0:00:00.785721
0:00:00.747214
0:00:00.792112
0:00:00.803157
0:00:01.001325
0:00:00.679581
0:00:00.830432
0:00:00.762742
0:00:00.924159
0:00:00.804995
0:00:00.796508
0:00:00.799142
0:00:00.833115
0:00:00.849971
0:00:00.779400
0:00:00.962844
0:00:00.672757
0:00:00.840262
0:00:00.821954
0:00:00.785211
0:00:00.910559
0:00:00.730286
0:00:00.838574
0:00:00.812397
0:00:00.856140
0:00:00.777688
0:00:00.863908
0:00:00.985437
0:00:00.586707
0:00:00.878467
0:00:00.749846
0:00:00.907374
0:00:00.728820
0:00:00.947373
0:00:00.680748
0:00:00.885667
0:00:00.750820
0:00:00.793419
0:00:00.797570
0:00:00.820941
0:00:00.871700
0:00:01.095381
0:00:00.579526
0:00:00.725657
0:00:00.936356
0:00:00.705328
0:00:00.802315
0:00:00.780946
0:00:00.822867
0:00:00.887127
0:00:00.721859
0:00:00.868983
0:00:00.756931
0:00:00.934194
0:00:00.893116
0:00:00.637061
0:00:00.775771
0:00:00.827732
0:00:00.999167
0:00:00.595885
0:00:00.887281
0:00:00.734821
0:00:00.883342
0:00:00.776862
0:00:01.159197
0:00:00.490926
0:00:00.792756
0:00:00.807161
0:00:00.811517
0:00:00.885238
0:00:00.722491
0:00:00.852141
0:00:00.801286
0:00:00.900520
0:00:00.713649
0:00:00.844811
0:00:00.802067
0:00:00.767258
0:00:01.000532
0:00:00.689866
0:00:00.817049
0:00:00.798816
0:00:00.915449
0:00:00.731913
0:00:00.826618
0:00:00.788301
0:00:00.798414
0:00:00.800515
0:00:00.815703
0:00:01.170086
0:00:00.472430
0:00:00.801555
0:00:00.843348
0:00:00.863191
0:00:00.772312
0:00:00.884320
0:00:00.694409
0:00:00.838445
0:00:00.895361
0:00:00.769780
0:00:00.771544
0:00:00.945797
0:00:00.791917
0:00:00.753640
0:00:00.793356
0:00:00.803116
0:00:00.796281
0:00:00.913383
0:00:00.770412
0:00:00.773548
0:00:00.855165
0:00:00.854909
0:00:00.776370
0:00:00.788935
0:00:00.771846
0:00:00.820621
0:00:00.936305
0:00:00.686166
0:00:00.850175
0:00:00.780654
0:00:00.855566
0:00:00.850945
0:00:00.814017
0:00:00.755698
0:00:00.830421
0:00:00.882627
0:00:00.806911
0:00:00.800187
0:00:00.741249
0:00:00.916124
0:00:00.794021
0:00:00.831846
0:00:00.710447
0:00:00.835911
^CCurrent Time = 13:39:06
starting again
^C^CTraceback (most recent call last):
  File "step_count_client_pi.py", line 49, in start_client
    time.sleep(1)
KeyboardInterrupt

During handling of the above exception, another exception occurred:

Traceback (most recent call last):
  File "step_count_client_pi.py", line 161, in main
    mqtt_create_sub()
  File "step_count_client_pi.py", line 153, in mqtt_create_sub
    client.loop_forever()
  File "/home/pi/berryconda3/lib/python3.6/site-packages/paho/mqtt/client.py", line 1756, in loop_forever
    rc = self._loop(timeout)
  File "/home/pi/berryconda3/lib/python3.6/site-packages/paho/mqtt/client.py", line 1164, in _loop
    rc = self.loop_read()
  File "/home/pi/berryconda3/lib/python3.6/site-packages/paho/mqtt/client.py", line 1556, in loop_read
    rc = self._packet_read()
  File "/home/pi/berryconda3/lib/python3.6/site-packages/paho/mqtt/client.py", line 2439, in _packet_read
^C  File "/home/pi/berryconda3/lib/python3.6/site-packages/paho/mqtt/client.py", line 3033, in _packet_handle
    return self._handle_publish()
  File "/home/pi/berryconda3/lib/python3.6/site-packages/paho/mqtt/client.py", line 3330, in _handle_publish
    self._handle_on_message(message)
  File "/home/pi/berryconda3/lib/python3.6/site-packages/paho/mqtt/client.py", line 3570, in _handle_on_message
^C  File "step_count_client_pi.py", line 135, in on_message
    start_client(msg_recv)
  File "step_count_client_pi.py", line 69, in start_client
    time.sleep(2)
KeyboardInterrupt

During handling of the above exception, another exception occurred:

Traceback (most recent call last):
  File "step_count_client_pi.py", line 171, in <module>
    main()
  File "step_count_client_pi.py", line 163, in main
    time.sleep(2)
KeyboardInterrupt
(base) pi@raspberrypi:~ $ 
